{
  "stats": {
    "suites": 4,
    "tests": 2,
    "passes": 2,
    "pending": 0,
    "failures": 0,
    "start": "2021-02-08T15:35:52.421Z",
    "end": "2021-02-08T15:36:21.870Z",
    "duration": 29449,
    "testsRegistered": 2,
    "passPercent": 100,
    "pendingPercent": 0,
    "other": 0,
    "hasOther": false,
    "skipped": 0,
    "hasSkipped": false
  },
  "results": [
    {
      "uuid": "137dbd8b-d39b-4885-a5b7-fc02b59f69c4",
      "title": "",
      "fullFile": "cypress/integration/lpg_testcases/all-inclusive-page.spec.js",
      "file": "cypress/integration/lpg_testcases/all-inclusive-page.spec.js",
      "beforeHooks": [],
      "afterHooks": [],
      "tests": [],
      "suites": [
        {
          "uuid": "98cfd8ed-4233-46dc-95f4-6cd8c400db57",
          "title": "Tests the Boston GO All-Inclusive page",
          "fullFile": "",
          "file": "",
          "beforeHooks": [],
          "afterHooks": [],
          "tests": [],
          "suites": [
            {
              "uuid": "cde95cab-2fe3-48dd-94bb-f5ca07802eae",
              "title": "Test Signing up for a Limited Time Offer with a valid email address",
              "fullFile": "",
              "file": "",
              "beforeHooks": [],
              "afterHooks": [],
              "tests": [],
              "suites": [
                {
                  "uuid": "a10ff8ee-9856-43fa-b350-c57a926e8691",
                  "title": "Test Building Your Own Boston Pass & Adding it to the cart",
                  "fullFile": "",
                  "file": "",
                  "beforeHooks": [],
                  "afterHooks": [],
                  "tests": [
                    {
                      "title": "Builds Your Own Boston Pass",
                      "fullTitle": "Tests the Boston GO All-Inclusive page Test Signing up for a Limited Time Offer with a valid email address Test Building Your Own Boston Pass & Adding it to the cart Builds Your Own Boston Pass",
                      "timedOut": null,
                      "duration": 24449,
                      "state": "passed",
                      "speed": "slow",
                      "pass": true,
                      "fail": false,
                      "pending": false,
                      "context": null,
                      "code": "cy.visit('/build-your-own');\ncy.get('.attraction-tile--details').first();\ncy.get('.cart-button').first().click({\n  force: true\n});\ncy.get('.cart-icon__icon').first().click({\n  force: true\n});\ncy.get('.lpg-attractions-cart__checkout').first().click({\n  force: true\n});\ncy.wait(8000);\ncy.get('.lpg-attractions-cart__products-item-name').should('contain', 'Franklin Park Zoo');\ncy.get('.lpg-attractions-cart__prices-number ').should('contain', '$21.95');\ncy.get('.travel-date--datepicker > img').click();\ncy.get(':nth-child(2) > :nth-child(6) > .ui-state-default').click();\ncy.get('.block-region-first > .block-go-commerce > .block-container > .block-inner > .block-content-wrapper > .react-component > :nth-child(1) > :nth-child(1) > [data-testid=continueToPayment]').click();",
                      "err": {},
                      "uuid": "fb640208-7caa-4b8c-8f5a-283c1daf60a2",
                      "parentUUID": "a10ff8ee-9856-43fa-b350-c57a926e8691",
                      "isHook": false,
                      "skipped": false
                    }
                  ],
                  "suites": [],
                  "passes": [
                    "fb640208-7caa-4b8c-8f5a-283c1daf60a2"
                  ],
                  "failures": [],
                  "pending": [],
                  "skipped": [],
                  "duration": 24449,
                  "root": false,
                  "rootEmpty": false,
                  "_timeout": 2000
                },
                {
                  "uuid": "d7545374-2c0f-40ed-9a70-3045725f17f4",
                  "title": "Test Boston Pass Can Be Removed from Build Your Own Page",
                  "fullFile": "",
                  "file": "",
                  "beforeHooks": [],
                  "afterHooks": [],
                  "tests": [
                    {
                      "title": "Boston Pass Can Be Removed",
                      "fullTitle": "Tests the Boston GO All-Inclusive page Test Signing up for a Limited Time Offer with a valid email address Test Boston Pass Can Be Removed from Build Your Own Page Boston Pass Can Be Removed",
                      "timedOut": null,
                      "duration": 4846,
                      "state": "passed",
                      "speed": "slow",
                      "pass": true,
                      "fail": false,
                      "pending": false,
                      "context": null,
                      "code": "cy.visit('/build-your-own');\ncy.get('.attraction-tile--details').first();\ncy.get('.cart-button').first().click({\n  force: true\n});\ncy.get('.cart-icon__icon').first().click({\n  force: true\n});\ncy.get('.cart-button--active').should('contain', 'Remove').click();\ncy.get('.cart-button').should('contain', 'Add to cart');",
                      "err": {},
                      "uuid": "821874d5-105f-4d17-b175-25efe180fdb8",
                      "parentUUID": "d7545374-2c0f-40ed-9a70-3045725f17f4",
                      "isHook": false,
                      "skipped": false
                    }
                  ],
                  "suites": [],
                  "passes": [
                    "821874d5-105f-4d17-b175-25efe180fdb8"
                  ],
                  "failures": [],
                  "pending": [],
                  "skipped": [],
                  "duration": 4846,
                  "root": false,
                  "rootEmpty": false,
                  "_timeout": 2000
                }
              ],
              "passes": [],
              "failures": [],
              "pending": [],
              "skipped": [],
              "duration": 0,
              "root": false,
              "rootEmpty": false,
              "_timeout": 2000
            }
          ],
          "passes": [],
          "failures": [],
          "pending": [],
          "skipped": [],
          "duration": 0,
          "root": false,
          "rootEmpty": false,
          "_timeout": 2000
        }
      ],
      "passes": [],
      "failures": [],
      "pending": [],
      "skipped": [],
      "duration": 0,
      "root": true,
      "rootEmpty": true,
      "_timeout": 2000
    }
  ],
  "meta": {
    "mocha": {
      "version": "7.0.1"
    },
    "mochawesome": {
      "options": {
        "quiet": false,
        "reportFilename": "mochawesome",
        "saveHtml": true,
        "saveJson": true,
        "consoleReporter": "spec",
        "useInlineDiffs": false,
        "code": true
      },
      "version": "6.2.1"
    },
    "marge": {
      "options": {
        "reportDir": "cypress/results",
        "overwrite": false,
        "html": true,
        "json": true
      },
      "version": "5.1.0"
    }
  }
}